Wed, 20 Jun 2018 15:15:35 robot_fun.py[line:33] INFO ----------------------------------------------------------------
Wed, 20 Jun 2018 15:15:36 robot_fun.py[line:33] INFO ----------------------------------------------------------------
Wed, 20 Jun 2018 15:15:37 robot_fun.py[line:33] INFO ----------------------------------------------------------------
Wed, 20 Jun 2018 15:15:39 robot_fun.py[line:33] INFO ----------------------------------------------------------------
Wed, 20 Jun 2018 15:15:40 robot_fun.py[line:33] INFO ----------------------------------------------------------------
Wed, 20 Jun 2018 15:15:41 robot_fun.py[line:33] INFO ----------------------------------------------------------------
Wed, 20 Jun 2018 15:15:43 robot_fun.py[line:33] INFO ----------------------------------------------------------------
Wed, 20 Jun 2018 15:15:44 robot_fun.py[line:33] INFO ----------------------------------------------------------------
Wed, 20 Jun 2018 15:15:45 robot_fun.py[line:33] INFO ----------------------------------------------------------------
Wed, 20 Jun 2018 15:15:48 robot_fun.py[line:33] INFO ----------------------------------------------------------------
Wed, 20 Jun 2018 15:15:53 robot_fun.py[line:33] INFO ----------------------------------------------------------------
Wed, 20 Jun 2018 15:15:54 robot_fun.py[line:33] INFO ----------------------------------------------------------------
Wed, 20 Jun 2018 15:15:55 robot_fun.py[line:33] INFO ----------------------------------------------------------------
æ ¼åŒºé—´æ˜¯:[0.529870,0.530608]
Wed, 20 Jun 2018 15:15:49 robot_fun.py[line:111] INFO äº¤æ˜“å¸å¯¹: XRP_USDT  ç”¨æˆ·:robot23 æŒ‚ã€ä¹°ã€‘å•çš„ä»·æ ¼:0.53032 æŒ‚ã€ä¹°ã€‘å•çš„æ•°é‡:1.54 çŠ¶æ€:success
Wed, 20 Jun 2018 15:15:49Wed, 20 Jun 2018 15:15:51 robot_fun.py[line:26] INFO å½“å‰è·å–çš„ä»·æ ¼åŒºé—´æ˜¯:[0.014526,0.014542]
Wed, 20 Jun 2018 15:15:51 robot_fun.py[line:177] INFO äº¤æ˜“å¸å¯¹: LTC_BTC  ç”¨æˆ·:robot14 æŒ‚ã€å–ã€‘å•çš„ä»·æ ¼:0.01453 æŒ‚ã€å–ã€‘å•çš„æ•°é‡:2.18 çŠ¶æ€:AccessTokenå·²è¿‡æœŸ
Wed, 20 Jun 2018 15:15:52 rWed, 20 Jun 2018 15:15:52 robot_fun.py[line:26] INFO å½“å‰è·å–çš„ä»·æ ¼åŒºé—´æ˜¯:[0.000080,0.000080]
Wed, 20 Jun 2018 15:15:52 robot_fun.py[line:111] INFO äº¤æ˜“å¸å¯¹: XRP_BTC  ç”¨æˆ·:robot19 æŒ‚ã€ä¹°ã€‘å•çWed, 20 Jun 2018 15:15:52 robot_fun.py[line:26] INWed, 20 Jun 2018 15:15:54 robot_fun.py[line:26] INFO å½“å‰è·å–çš„ä»·æ ¼åŒºé—´æ˜¯:[0.014528,0.014540]
Wed, 20 Jun 2018 15:15:54 robot_fun.py[line:177] INFO äº¤æ˜“å¸å¯¹: LTC_BTC  ç”¨æˆ·:robot14 æŒ‚ã€å–ã€‘å•çš„ä»·æ ¼:0.014Wed, 20 Jun 2018 15:15:56 robot_fun.py[line:26] INFO å½“å‰è·åWed, 20 Jun 2018 15:15:59 robot_fun.py[line:26] INFO å½“å‰è·å–çš„ä»·æ ¼åŒºé—´æ˜¯:[0.014525,0.014542]
Wed, 20 Jun 2018 15:15:59 robot_fun.py[line:111] INFO äº¤æ˜“å¸å¯¹: LTC_BTC  ç”¨æˆ·:robot13 æŒ‚ã€ä¹°ã€‘å•çš„ä»·æ ¼:0.014534 æŒ‚ã€ä¹°ã€‘å•çš„æ•°é‡:1.15 çŠ¶æ€:AccessTokenå·²è¿‡æœŸ
çŠ¶æ€:AccessTokenå·²è¿‡æœŸ
Wed, 20 Jun 2018 15:15:54 robot_fun.py[Wed, 20 Jun 2018 15:15:54 robot_fun.py[line:26] INFO å½“å‰è·å–çš„ä»·æ ¼åŒºé—´æ˜¯:[873.328103,874.958839]
Wed, 20 Jun 2018 15:15:54 robot_fun.py[line:177] INFO äº¤æ˜“å¸å¯¹: BCH_USDT  ç”¨æˆ·:robot06 æŒ‚ã€å–ã€‘å•çš„ä»·æ ¼:874.12 æŒ‚ã€å–ã€‘å•çš„Wed, 20 Jun 2018 15:15:56 robot_fun.py[linWed, 20 Jun 2018 15:15:56 robot_fun.py[line:26] INFO å½“å‰è·å–çš„ä»·æ ¼åŒºé—´æ˜¯:[873.906471,874.819602]
Wed, 20 Jun 2018 15:15:56 robot_fun.py[line:111] INFO äº¤æ˜“å¸å¯¹: BCH_USDT  ç”¨æˆ·:robot05 æŒ‚ã€ä¹°ã€‘å•çš„ä»·æ ¼:874.19 æŒ‚ã€ä¹°ã€‘å•Wed, 20 Jun 2018 15:15:59 robot_fun.py[line:26] INFO å½“å‰è·å–çš„ä»·æ ¼åŒºé—´æ˜¯:[0.000080,0.000080]
Wed, 20 Jun 2018 15:15:59 robot_fun.py[line:177] INFO äº¤æ˜“å¸å¯¹: XRP_BTC  ç”¨æˆ·:robot20 æŒ‚ã€å–ã€‘å•çš„ä»·æ ¼:7.988e-05 æŒ‚ã€å–ã€‘å•çš„æ•°é‡:13.0 çŠ¶æ€:AccessTokenå·²è¿‡æœŸ
€‘å•Wed, 20 Jun 2018 15:15:59 robot_fun.py[line:26] INFO å½“å‰è·å–çš„ä»·æ ¼åŒºé—´æ˜¯:[96.466723,96.564629]
Wed, 20 Jun 2018 15:15:59 robot_fun.py[line:111] INFO äº¤æ˜“å¸å¯¹: LTC_USDT  ç”¨æˆ·:robot17 æŒ‚ã€ä¹°ã€‘å•çš„ä»·æ ¼:96.48 æŒ‚ã€ä¹°ã€‘å•çš„æ•°é‡:1.77108 çŠ¶æ€:AccessTokenå·²è¿‡æœŸ
å•çš„æ•°é‡:0.58236 çŠ¶æ€:AccessTokenå·²è¿‡æœŸ
.18417]
Wed, 20 Jun 2018 15:15:58 robot_fun.py[line:177] INFO äº¤æ˜“å¸å¯¹: LTC_ETH  ç”¨æˆ·:robot16 æŒ‚ã€å–ã€‘å•çš„ä»·æ ¼:0.18404 æŒ‚ã€å–ã€‘å•çš„æ•°é‡:2.415 çŠ¶æ€:AccessTokenå·²è¿‡æœŸ
py[line:26] INFO å½“Wed, 20 Jun 2018 15:15:58 robot_fun.py[line:26] INFO å½“å‰è·å–çš„ä»·æ ¼åŒºé—´æ˜¯:[0.0010105,0.0010122]
Wed, 20 Jun 2018 15:15:58 robot_fun.py[line:111] INFO äº¤æ˜“å¸å¯¹: XRP_ETH  ç”¨æˆ·:robot21 æŒ‚ã€ä¹°ã€‘å•çš„ä»·æ ¼:0.0010112 æŒ‚ã€ä¹°ã€‘å•çš„æ•°é‡:1.0 çŠ¶æ€:AccessTokenå·²è¿‡æœŸ
robot_fun.py[line:26] INFO å½“å‰è·å–çš„ä»·æ ¼åŒºé—´æ˜¯:[0.078950,0.079048]
Wed, 20 Jun 2018 15:15:57 robot_fun.py[line:177] INFO äº¤æ˜“å¸å¯¹: ETH_BTC  ç”¨æˆ·:robot10 æŒ‚ã€å–ã€‘å•çš„ä»·æ ¼:0.079 æŒ‚ã€å–ã€‘å•çš„æ•°é‡:1.736258 çŠ¶æ€:AccessTokenå·²è¿‡æœŸ
Wed, 20 Jun 2018 15:15:59 robot_fun.py[line:26] INFO å½“å‰è·å–çš„ä»·æ ¼åŒºé—´æ˜¯:[0.078941,0.079018]
Wed, 20 Jun 2018 15:15:59 robot_fun.py[line:111] INFO äº¤æ˜“å¸å¯¹: ETH_BTC  ç”¨æˆ·:robot09 æŒ‚ã€ä¹°ã€‘å•çš„ä»·æ ¼:0.079 æŒ‚ã€ä¹°ã€‘å•çš„æ•°é‡:0.743243 çŠ¶æ€:AccessTokenå·²è¿‡æœŸ
018 15:15:44 robot_fun.py[line:33] INFO ----------------------------------------------------------------
Wed, 20 Jun 2018 15:15:44 robot_fun.py[line:33] INFO ----------------------------------------------------------------
Wed, 20 Jun 2018 15:15:45 robot_fun.py[line:33] INFO ----------------------------------------------------------------
Wed, 20 Jun 2018 15:15:45 robot_fun.py[line:33] INFO ----------------------------------------------------------------
Wed, 20 Jun 2018 15:15:45 robot_fun.py[line:33] INFO ----------------------------------------------------------------
Wed, 20 Jun 2018 15:15:45 robot_fun.py[line:33] INFO ----------------------------------------------------------------
Wed, 20 Jun 2018 15:15:46 robot_fun.py[line:33] INFO ----------------------------------------------------------------
Wed, 20 Jun 2018 15:15:46 robot_fun.py[line:33] INFO ----------------------------------------------------------------
Wed, 20 Jun 2018 15:15:46 robot_fun.py[line:33] INFO ----------------------------------------------------------------
Wed, 20 Jun 2018 15:15:46 robot_fun.py[line:33] INFO ----------------------------------------------------------------
Wed, 20 Jun 2018 15:15:47 robot_fun.py[line:33] INFO ----------------------------------------------------------------
Wed, 20 Jun 2018 15:15:47 robot_fun.py[line:33] INFO ----------------------------------------------------------------
Wed, 20 Jun 2018 15:15:47 robot_fun.py[line:33] INFO ----------------------------------------------------------------
Wed, 20 Jun 2018 15:15:47 robot_fun.py[line:33] INFO ----------------------------------------------------------------
Wed, 20 Jun 2018 15:15:48 robot_fun.py[line:33] INFO ----------------------------------------------------------------
Wed, 20 Jun 2018 15:15:48 robot_fun.py[line:33] INFO ----------------------------------------------------------------
Wed, 20 Jun 2018 15:15:48 robot_fun.py[line:33] INFO ----------------------------------------------------------------
Wed, 20 Jun 2018 15:15:48 robot_fun.py[line:33] INFO ----------------------------------------------------------------
Wed, 20 Jun 2018 15:15:48 robot_fun.py[line:33] INFO ----------------------------------------------------------------
Wed, 20 Jun 2018 15:15:49 robot_fun.py[line:33] INFO ----------------------------------------------------------------
Wed, 20 Jun 2018 15:15:49 robot_fun.py[line:33] INFO ----------------------------------------------------------------
Wed, 20 Jun 2018 15:15:49 robot_fun.py[line:33] INFO ----------------------------------------------------------------
Wed, 20 Jun 2018 15:15:49 robot_fun.py[line:33] INFO ----------------------------------------------------------------
Wed, 20 Jun 2018 15:15:50 robot_fun.py[line:33] INFO ----------------------------------------------------------------
Wed, 20 Jun 2018 15:15:50 robot_fun.py[line:33] INFO ----------------------------------------------------------------
Wed, 20 Jun 2018 15:15:50 robot_fun.py[line:33] INFO ----------------------------------------------------------------
Wed, 20 Jun 2018 15:15:50 robot_fun.py[line:33] INFO ----------------------------------------------------------------
Wed, 20 Jun 2018 15:15:50 robot_fun.py[line:33] INFO ----------------------------------------------------------------
Wed, 20 Jun 2018 15:15:51 robot_fun.py[line:33] INFO ----------------------------------------------------------------
Wed, 20 Jun 2018 15:15:51 robot_fun.py[line:33] INFO ----------------------------------------------------------------
Wed, 20 Jun 2018 15:15:51 robot_fun.py[line:33] INFO ----------------------------------------------------------------
Wed, 20 Jun 2018 15:15:51 robot_fun.py[line:33] INFO ----------------------------------------------------------------
Wed, 20 Jun 2018 15:15:52 robot_fun.py[line:33] INFO ----------------------------------------------------------------
Wed, 20 Jun 2018 15:15:52 robot_fun.py[line:33] INFO ----------------------------------------------------------------
Wed, 20 Jun 2018 15:15:52 robot_fun.py[line:33] INFO ----------------------------------------------------------------
Wed, 20 Jun 2018 15:15:52 robot_fun.py[line:33] INFO ----------------------------------------------------------------
Wed, 20 Jun 2018 15:15:52 robot_fun.py[line:33] INFO ----------------------------------------------------------------
Wed, 20 Jun 2018 15:15:53 robot_fun.py[line:33] INFO ----------------------------------------------------------------
Wed, 20 Jun 2018 15:15:53 robot_fun.py[line:33] INFO ----------------------------------------------------------------
Wed, 20 Jun 2018 15:15:53 robot_fun.py[line:33] INFO ----------------------------------------------------------------
Wed, 20 Jun 2018 15:15:53 robot_fun.py[line:33] INFO ----------------------------------------------------------------
Wed, 20 Jun 2018 15:15:54 robot_fun.py[line:33] INFO ----------------------------------------------------------------
Wed, 20 Jun 2018 15:15:54 robot_fun.py[line:33] INFO ----------------------------------------------------------------
Wed, 20 Jun 2018 15:15:54 robot_fun.py[line:33] INFO ----------------------------------------------------------------
Wed, 20 Jun 2018 15:15:54 robot_fun.py[line:33] INFO ----------------------------------------------------------------
Wed, 20 Jun 2018 15:15:54 robot_fun.py[line:33] INFO ----------------------------------------------------------------
Wed, 20 Jun 2018 15:15:55 robot_fun.py[line:33] INFO ----------------------------------------------------------------
Wed, 20 Jun 2018 15:15:55 robot_fun.py[line:33] INFO ----------------------------------------------------------------
Wed, 20 Jun 2018 15:15:55 robot_fun.py[line:33] INFO ----------------------------------------------------------------
Wed, 20 Jun 2018 15:15:55 robot_fun.py[line:33] INFO ----------------------------------------------------------------
Wed, 20 Jun 2018 15:15:56 robot_fun.py[line:33] INFO ----------------------------------------------------------------
Wed, 20 Jun 2018 15:15:56 robot_fun.py[line:33] INFO ----------------------------------------------------------------
Wed, 20 Jun 2018 15:15:56 robot_fun.py[line:33] INFO ----------------------------------------------------------------
Wed, 20 Jun 2018 15:15:56 robot_fun.py[line:33] INFO ----------------------------------------------------------------
Wed, 20 Jun 2018 15:15:56 robot_fun.py[line:33] INFO ----------------------------------------------------------------
Wed, 20 Jun 2018 15:15:57 robot_fun.py[line:33] INFO ----------------------------------------------------------------
Wed, 20 Jun 2018 15:15:57 robot_fun.py[line:33] INFO ----------------------------------------------------------------
Wed, 20 Jun 2018 15:15:57 robot_fun.py[line:33] INFO ----------------------------------------------------------------
Wed, 20 Jun 2018 15:15:57 robot_fun.py[line:33] INFO ----------------------------------------------------------------
Wed, 20 Jun 2018 15:15:58 robot_fun.py[line:33] INFO ----------------------------------------------------------------
Wed, 20 Jun 2018 15:15:58 robot_fun.py[line:33] INFO ----------------------------------------------------------------
Wed, 20 Jun 2018 15:15:58 robot_fun.py[line:33] INFO ----------------------------------------------------------------
Wed, 20 Jun 2018 15:15:58 robot_fun.py[line:33] INFO ----------------------------------------------------------------
Wed, 20 Jun 2018 15:15:59 robot_fun.py[line:33] INFO ----------------------------------------------------------------
Wed, 20 Jun 2018 15:15:59 robot_fun.py[line:33] INFO ----------------------------------------------------------------
Wed, 20 Jun 2018 15:15:59 robot_fun.py[line:33] INFO ----------------------------------------------------------------
Wed, 20 Jun 2018 15:15:59 robot_fun.py[line:33] INFO ----------------------------------------------------------------
